============================= test session starts =============================
platform win32 -- Python 3.12.10, pytest-8.4.2, pluggy-1.6.0
rootdir: C:\Users\blake\OneDrive\Documents\mythRL
configfile: pyproject.toml
plugins: anyio-4.11.0, asyncio-0.26.0, cov-7.0.0
asyncio: mode=Mode.AUTO, asyncio_default_fixture_loop_scope=None, asyncio_default_test_loop_scope=function
collected 2557 items

HoloLoom\tests\unit\test_activation_field.py ..FF........                [  0%]
HoloLoom\tests\unit\test_agent_memory_tools.py ...................       [  1%]
HoloLoom\tests\unit\test_agentic_core.py ............                    [  1%]
HoloLoom\tests\unit\test_alignment_handlers.py ......................    [  2%]
HoloLoom\tests\unit\test_awareness_handlers.py ......................... [  3%]
....................                                                     [  4%]
HoloLoom\tests\unit\test_bayesian_policy.py .......FF..F                 [  4%]
HoloLoom\tests\unit\test_bayesian_policy_edge_cases.py ...............ss [  5%]
s............ss                                                          [  6%]
HoloLoom\tests\unit\test_beta_wave_packer.py ........FF....              [  6%]
HoloLoom\tests\unit\test_browser_history_spinner.py .................... [  7%]
.......................................                                  [  8%]
HoloLoom\tests\unit\test_causal_reasoning.py .......F....F..F.F........F [  9%]
                                                                         [  9%]
HoloLoom\tests\unit\test_chat_history_spinner.py .E.E.E.E.E.E.E.E.E      [ 10%]
HoloLoom\tests\unit\test_chrono_trigger.py ............................. [ 11%]
................                                                         [ 12%]
HoloLoom\tests\unit\test_codebase_spinner.py ...................F...     [ 12%]
HoloLoom\tests\unit\test_collaboration.py .............................. [ 14%]
..........F...................                                           [ 15%]
HoloLoom\tests\unit\test_compositional_cache_edge_cases.py ............. [ 15%]
........                                                                 [ 16%]
HoloLoom\tests\unit\test_config.py ....................                  [ 16%]
HoloLoom\tests\unit\test_config_edge_cases.py ..FF.......F......F....... [ 17%]
..                                                                       [ 17%]
HoloLoom\tests\unit\test_consolidation.py ...................            [ 18%]
HoloLoom\tests\unit\test_context_handlers.py ........................... [ 19%]
..................                                                       [ 20%]
HoloLoom\tests\unit\test_convergence_engine.py ......................... [ 21%]
.                                                                        [ 21%]
HoloLoom\tests\unit\test_datapig_config.py ..........                    [ 21%]
HoloLoom\tests\unit\test_datapig_dashboard.py ................           [ 22%]
HoloLoom\tests\unit\test_datapig_detector.py ........................... [ 23%]
......                                                                   [ 23%]
HoloLoom\tests\unit\test_datapig_entropy.py ............................ [ 24%]
....                                                                     [ 25%]
HoloLoom\tests\unit\test_datapig_fuzzy.py .............................. [ 26%]
.                                                                        [ 26%]
HoloLoom\tests\unit\test_datapig_issues.py .........                     [ 26%]
HoloLoom\tests\unit\test_department_protocol.py ........................ [ 27%]
......                                                                   [ 27%]
HoloLoom\tests\unit\test_email_spinner.py .....................          [ 28%]
HoloLoom\tests\unit\test_embedding_spectral.py ....................F.... [ 29%]
.......                                                                  [ 29%]
HoloLoom\tests\unit\test_executor_pipeline.py .....................      [ 30%]
HoloLoom\tests\unit\test_game_theory_complete.py ....................... [ 31%]
..........                                                               [ 31%]
HoloLoom\tests\unit\test_git_spinner.py ...................              [ 32%]
HoloLoom\tests\unit\test_handoff.py .................................... [ 34%]
..............                                                           [ 34%]
HoloLoom\tests\unit\test_hybrid_retrieval.py .......F.FF..........       [ 35%]
HoloLoom\tests\unit\test_jenny.py ...................................... [ 36%]
................                                                         [ 37%]
HoloLoom\tests\unit\test_jenny_llm_compiler.py ......................... [ 38%]
...............                                                          [ 39%]
HoloLoom\tests\unit\test_jenny_mrf.py .................................. [ 40%]
......................                                                   [ 41%]
HoloLoom\tests\unit\test_jenny_week2.py ................................ [ 42%]
................                                                         [ 43%]
HoloLoom\tests\unit\test_jenny_week3.py ................................ [ 44%]
............                                                             [ 44%]
HoloLoom\tests\unit\test_jenny_week4.py ................................ [ 46%]
....................                                                     [ 47%]
HoloLoom\tests\unit\test_learning_handlers.py ....................       [ 47%]
HoloLoom\tests\unit\test_lifecycle_manager.py .......................... [ 48%]
...                                                                      [ 48%]
HoloLoom\tests\unit\test_lite.py ....................................... [ 50%]
.............                                                            [ 50%]
HoloLoom\tests\unit\test_llm_consolidator.py ..............FF..........  [ 51%]
HoloLoom\tests\unit\test_loom_command.py ............................... [ 53%]
F..........                                                              [ 53%]
HoloLoom\tests\unit\test_materializer.py ..                              [ 53%]
HoloLoom\tests\unit\test_math_expansion.py ............................. [ 54%]
..........                                                               [ 55%]
HoloLoom\tests\unit\test_matrix_spinner.py FFF..............             [ 55%]
HoloLoom\tests\unit\test_memory_cache.py ............................... [ 57%]
.                                                                        [ 57%]
HoloLoom\tests\unit\test_memory_graph.py ............................... [ 58%]
......                                                                   [ 58%]
HoloLoom\tests\unit\test_memory_graph_edge_cases.py .................... [ 59%]
...........                                                              [ 59%]
HoloLoom\tests\unit\test_multivariable_calculus.py ..................... [ 60%]
............                                                             [ 61%]
HoloLoom\tests\unit\test_orchestrator_refactoring.py F.                  [ 61%]
HoloLoom\tests\unit\test_pdf_spinner.py ......................           [ 62%]
HoloLoom\tests\unit\test_policy_thompson_sampling.py .....F............. [ 62%]
......                                                                   [ 63%]
HoloLoom\tests\unit\test_prompting_strategy.py .......F...............   [ 63%]
HoloLoom\tests\unit\test_protocol_factory.py ........................... [ 64%]
.....                                                                    [ 65%]
HoloLoom\tests\unit\test_recursive_crawler_spinner.py .................. [ 65%]
.................................ssssss...................               [ 68%]
HoloLoom\tests\unit\test_redteam_handlers.py ....................        [ 68%]
HoloLoom\tests\unit\test_redteam_visualization.py ...................... [ 69%]
.....                                                                    [ 69%]
HoloLoom\tests\unit\test_resonance_shed.py ............................. [ 71%]
.......                                                                  [ 71%]
HoloLoom\tests\unit\test_semantic_calculus_axes.py ..................... [ 72%]
....F.........                                                           [ 72%]
HoloLoom\tests\unit\test_semantic_policy_integration.py ................ [ 73%]
........................                                                 [ 74%]
HoloLoom\tests\unit\test_spacetime.py .............sss.................. [ 75%]
s.                                                                       [ 75%]
HoloLoom\tests\unit\test_sparse_tensor_field.py ...                      [ 75%]
HoloLoom\tests\unit\test_spatial_phase4.py ............................. [ 76%]
........................................................................ [ 79%]
...........                                                              [ 80%]
HoloLoom\tests\unit\test_spectral_edge_cases.py ........................ [ 81%]
.........                                                                [ 81%]
HoloLoom\tests\unit\test_spinner_protocol.py .......F................... [ 82%]
.......F..                                                               [ 82%]
HoloLoom\tests\unit\test_thompson_sampling_edge_cases.py .               [ 82%]
HoloLoom\tests\unit\test_thompson_sampling_math.py ....................  [ 83%]
HoloLoom\tests\unit\test_time_bucket.py FFFFF                            [ 83%]
HoloLoom\tests\unit\test_unified_api.py ..............F........          [ 84%]
HoloLoom\tests\unit\test_unified_memory_conductor.py ...FFFFF....FFFFFFF [ 85%]
FF                                                                       [ 85%]
HoloLoom\tests\unit\test_unified_memory_navigation.py .................. [ 86%]
.............                                                            [ 86%]
HoloLoom\tests\unit\test_unified_policy.py ..................            [ 87%]
HoloLoom\tests\unit\test_visual_compression.py ........................  [ 88%]
HoloLoom\tests\unit\test_warp_space.py ................................. [ 89%]
......................................                                   [ 91%]
HoloLoom\tests\unit\test_weaving_orchestrator_edge_cases.py ...